<?xml version="1.0" encoding="UTF-8"?>
<testng-results ignored="0" total="4" passed="4" failed="0" skipped="0">
  <reporter-output>
  </reporter-output>
  <suite started-at="2023-01-19T21:59:02 IST" name="Suite" finished-at="2023-01-19T21:59:58 IST" duration-ms="55966">
    <groups>
    </groups>
    <test started-at="2023-01-19T21:59:02 IST" name="Test" finished-at="2023-01-19T21:59:58 IST" duration-ms="55966">
      <class name="com.cjc.DB.test.DemoblazeTest">
        <test-method is-config="true" signature="Openbrowser()[pri:0, instance:com.cjc.DB.test.DemoblazeTest@765d7657]" started-at="2023-01-19T21:59:01 IST" name="Openbrowser" finished-at="2023-01-19T21:59:02 IST" duration-ms="1075" status="PASS">
          <reporter-output>
          </reporter-output>
        </test-method> <!-- Openbrowser -->
        <test-method is-config="true" signature="openurl(java.lang.String)[pri:0, instance:com.cjc.DB.test.DemoblazeTest@765d7657]" started-at="2023-01-19T21:59:02 IST" name="openurl" finished-at="2023-01-19T21:59:08 IST" duration-ms="6722" status="PASS">
          <params>
            <param index="0">
              <value>
                <![CDATA[https://www.demoblaze.com/index.html]]>
              </value>
            </param>
          </params>
          <reporter-output>
          </reporter-output>
        </test-method> <!-- openurl -->
        <test-method is-config="true" signature="windowshandle()[pri:0, instance:com.cjc.DB.test.DemoblazeTest@765d7657]" started-at="2023-01-19T21:59:09 IST" name="windowshandle" finished-at="2023-01-19T21:59:09 IST" duration-ms="149" status="PASS">
          <reporter-output>
          </reporter-output>
        </test-method> <!-- windowshandle -->
        <test-method signature="Registercheck()[pri:0, instance:com.cjc.DB.test.DemoblazeTest@765d7657]" started-at="2023-01-19T21:59:09 IST" name="Registercheck" finished-at="2023-01-19T21:59:13 IST" duration-ms="4531" status="PASS">
          <reporter-output>
          </reporter-output>
        </test-method> <!-- Registercheck -->
        <test-method signature="Logintest()[pri:1, instance:com.cjc.DB.test.DemoblazeTest@765d7657]" started-at="2023-01-19T21:59:13 IST" name="Logintest" finished-at="2023-01-19T21:59:16 IST" duration-ms="3118" status="PASS">
          <reporter-output>
          </reporter-output>
        </test-method> <!-- Logintest -->
        <test-method signature="addtocart()[pri:2, instance:com.cjc.DB.test.DemoblazeTest@765d7657]" started-at="2023-01-19T21:59:16 IST" name="addtocart" finished-at="2023-01-19T21:59:30 IST" duration-ms="14125" status="PASS">
          <reporter-output>
          </reporter-output>
        </test-method> <!-- addtocart -->
        <test-method signature="ordplace(java.lang.String,java.lang.String,java.lang.String,java.lang.String,java.lang.String,java.lang.String)[pri:3, instance:com.cjc.DB.test.DemoblazeTest@765d7657]" started-at="2023-01-19T21:59:30 IST" name="ordplace" data-provider="orderData" finished-at="2023-01-19T21:59:58 IST" duration-ms="27234" status="PASS">
          <params>
            <param index="0">
              <value>
                <![CDATA[chetan]]>
              </value>
            </param>
            <param index="1">
              <value>
                <![CDATA[India]]>
              </value>
            </param>
            <param index="2">
              <value>
                <![CDATA[pune]]>
              </value>
            </param>
            <param index="3">
              <value>
                <![CDATA[1234123445676789]]>
              </value>
            </param>
            <param index="4">
              <value>
                <![CDATA[07]]>
              </value>
            </param>
            <param index="5">
              <value>
                <![CDATA[2023]]>
              </value>
            </param>
          </params>
          <reporter-output>
          </reporter-output>
        </test-method> <!-- ordplace -->
        <test-method is-config="true" signature="browserclosed()[pri:0, instance:com.cjc.DB.test.DemoblazeTest@765d7657]" started-at="2023-01-19T21:59:58 IST" name="browserclosed" finished-at="2023-01-19T21:59:58 IST" duration-ms="168" status="PASS">
          <reporter-output>
          </reporter-output>
        </test-method> <!-- browserclosed -->
      </class> <!-- com.cjc.DB.test.DemoblazeTest -->
    </test> <!-- Test -->
  </suite> <!-- Suite -->
</testng-results>
