<?xml version="1.0" encoding="UTF-8"?>
<!-- Generated by org.testng.reporters.JUnitXMLReporter -->
<testsuite ignored="0" hostname="LAPTOP-OJF22CP7" failures="0" tests="4" name="Test" time="55.966" errors="0" timestamp="2023-01-19T21:59:58 IST">
  <testcase classname="com.cjc.DB.test.DemoblazeTest" name="Registercheck" time="4.531"/>
  <testcase classname="com.cjc.DB.test.DemoblazeTest" name="Logintest" time="3.118"/>
  <testcase classname="com.cjc.DB.test.DemoblazeTest" name="addtocart" time="14.125"/>
  <testcase classname="com.cjc.DB.test.DemoblazeTest" name="ordplace" time="27.234"/>
</testsuite> <!-- Test -->
